[www.mountainiq.com/hiking-mount-kinabalu/index.html]
[backblue.gif]
[fade.gif]
[index.html]
[www.mountainiq.com/wp-content/uploads/thrive/tcb-base-css-23365-1691578680.css]
[www.mountainiq.com/wp-content/uploads/2020/01/mountain-iq-tour.jpg]
[www.mountainiq.com/hiking-mount-kinabalu/feed/index.html]
[www.mountainiq.com/wp-includes/css/dist/block-library/style.min9704.css]
[www.mountainiq.com/wp-content/plugins/easyazon/addition/components/popovers/resources/popovers3c21.css]
[www.mountainiq.com/wp-content/themes/thrive-theme/style6c3b.css]
[scripts.mediavine.com/tags/mountain-iq9704.js]
[www.mountainiq.com/wp-includes/js/jquery/jquery.minf43b.js]
[www.mountainiq.com/wp-includes/js/jquery/jquery-migrate.min5589.js]
[www.mountainiq.com/wp-includes/js/jquery/ui/core.minb37e.js]
[www.mountainiq.com/wp-includes/js/jquery/ui/menu.minb37e.js]
[www.mountainiq.com/wp-includes/js/dist/dom-ready.min5346.js]
[www.mountainiq.com/wp-includes/js/dist/hooks.min4fdd.js]
[www.mountainiq.com/wp-includes/js/dist/i18n.minc33c.js]
[www.mountainiq.com/wp-includes/js/dist/a11y.min3f73.js]
[www.mountainiq.com/wp-includes/js/jquery/ui/autocomplete.minb37e.js]
[www.mountainiq.com/wp-includes/js/imagesloaded.minbb93.js]
[www.mountainiq.com/wp-includes/js/masonry.min3a05.js]
[www.mountainiq.com/wp-includes/js/jquery/jquery.masonry.minef70.js]
[www.mountainiq.com/wp-content/plugins/thrive-visual-editor/editor/js/dist/modules/general.min6c3b.js]
[www.mountainiq.com/wp-content/themes/thrive-theme/inc/assets/dist/frontend.min6c3b.js]
[www.mountainiq.com/wp-content/uploads/2020/02/favicon-miq.png]
[www.mountainiq.com/wp-content/uploads/2020/10/mountain-iq-logo.png]
[www.mountainiq.com/wp-content/uploads/2020/01/mount-kinabalu-asia.jpg]
[www.mountainiq.com/wp-content/uploads/2020/01/hiking-mt-kinabaluadd3.jpg]
[www.mountainiq.com/wp-content/uploads/2020/01/ranau-trail-kinabalu-300x200add3.jpg]
[www.mountainiq.com/wp-content/uploads/2020/01/stairs-trail-mt-kinabaluadd3.jpg]
[www.mountainiq.com/wp-content/uploads/2020/01/walk-the-torq-mt-kinabaluadd3.jpg]
[www.mountainiq.com/wp-content/uploads/2020/01/ladder-torq-mt-kinabaluadd3.jpg]
[www.mountainiq.com/wp-content/uploads/2020/01/mt-kinabalu-lows-peakadd3.jpg]
[www.mountainiq.com/wp-content/uploads/2020/01/trail-mount-kinabaluadd3.jpg]
[www.mountainiq.com/wp-content/uploads/2020/01/k2-base-camp-trek-2add3.jpg]
[www.mountainiq.com/wp-content/uploads/2020/01/ropes-mt-kinabalu.jpg]
[www.mountainiq.com/wp-content/uploads/2020/01/summit-mount-kinabalu.jpg]
[www.mountainiq.com/wp-content/uploads/2020/01/hiking-mt-kinabalu.jpg]
[www.mountainiq.com/wp-content/uploads/2020/01/Laban-rata-hutadd3.jpg]
[www.mountainiq.com/wp-content/uploads/2020/01/pendant-hut-mt-kinabaluadd3.jpg]
[www.mountainiq.com/wp-content/uploads/2020/01/Pinterest-Mount-Kinabalu-1add3.jpg]
[www.mountainiq.com/wp-content/uploads/2020/01/when-to-hike-k2-base-camp-trekadd3.jpg]
[www.mountainiq.com/cdn-cgi/scripts/5c5dd728/cloudflare-static/email-decode.min.js]
[www.mountainiq.com/wp-content/plugins/thrive-visual-editor/editor/js/dist/modules/table.min38aa.js]
[www.mountainiq.com/wp-content/plugins/easyazon/addition/components/localization/links/resources/links3c21.js]
[www.mountainiq.com/wp-content/plugins/easyazon/addition/components/popovers/resources/popovers3c21.js]
[www.mountainiq.com/wp-content/themes/thrive-theme/thrive-dashboard/js/dist/frontend.min6c3b.js]
[www.mountainiq.com/wp-content/plugins/thrive-visual-editor/editor/js/dist/modules/social-share.min38aa.js]
[www.mountainiq.com/wp-content/plugins/thrive-visual-editor/editor/js/dist/modules/search-form.min38aa.js]
[www.mountainiq.com/wp-content/plugins/thrive-visual-editor/editor/js/dist/modules/menu.min38aa.js]
[www.mountainiq.com/wp-includes/js/comment-reply.min9704.js]
[www.mountainiq.com/hiking-mount-kinabalu/index.html]
[www.mountainiq.com/wp-content/uploads/thrive/tcb-base-css-23365-1691578680.css]
[www.mountainiq.com/wp-includes/css/dist/block-library/style.min9704.css]
[www.mountainiq.com/wp-content/plugins/easyazon/addition/components/popovers/resources/popovers3c21.css]
[www.mountainiq.com/wp-content/themes/thrive-theme/style6c3b.css]
[www.mountainiq.com/wp-content/plugins/akismet/_inc/akismet-frontenda9f2.js]
